21:25:00 **** Build of configuration Debug for project SDL2-RPG ****
make all 
Building file: ../src/SDL2-RPG.cpp
Invoking: GCC C++ Compiler
g++ -O0 -g3 -Wall -c -fmessage-length=0 -MMD -MP -MF"src/SDL2-RPG.d" -MT"src/SDL2-RPG.d" -o "src/SDL2-RPG.o" "../src/SDL2-RPG.cpp"
Finished building: ../src/SDL2-RPG.cpp
 
Building target: SDL2-RPG
Invoking: MacOS X C++ Linker
g++  -o "SDL2-RPG"  ./src/SDL2-RPG.o   
Finished building target: SDL2-RPG
 
21:25:03 **** Incremental Build of configuration Debug for project SDL2-RPG ****
make all 
make: Nothing to be done for `all'.
21:27:36 **** Clean-only build of configuration Debug for project SDL2-RPG ****
make clean 
rm -rf  ./src/Particle.o ./src/Screen.o ./src/Swarm.o ./src/_SDLTest.o  ./src/Particle.d ./src/Screen.d ./src/Swarm.d ./src/_SDLTest.d  _SDLTest
 
21:27:36 **** Incremental Build of configuration Debug for project SDL2-RPG ****
make all 
Building file: ../src/Particle.cpp
Invoking: GCC C++ Compiler
g++ -I/opt/local/include/SDL2/ -O0 -g3 -Wall -c -fmessage-length=0 -MMD -MP -MF"src/Particle.d" -MT"src/Particle.d" -o "src/Particle.o" "../src/Particle.cpp"
Finished building: ../src/Particle.cpp
 
Building file: ../src/Screen.cpp
Invoking: GCC C++ Compiler
g++ -I/opt/local/include/SDL2/ -O0 -g3 -Wall -c -fmessage-length=0 -MMD -MP -MF"src/Screen.d" -MT"src/Screen.d" -o "src/Screen.o" "../src/Screen.cpp"
Finished building: ../src/Screen.cpp
 
Building file: ../src/Swarm.cpp
Invoking: GCC C++ Compiler
g++ -I/opt/local/include/SDL2/ -O0 -g3 -Wall -c -fmessage-length=0 -MMD -MP -MF"src/Swarm.d" -MT"src/Swarm.d" -o "src/Swarm.o" "../src/Swarm.cpp"
Finished building: ../src/Swarm.cpp
 
Building file: ../src/_SDLTest.cpp
Invoking: GCC C++ Compiler
g++ -I/opt/local/include/SDL2/ -O0 -g3 -Wall -c -fmessage-length=0 -MMD -MP -MF"src/_SDLTest.d" -MT"src/_SDLTest.d" -o "src/_SDLTest.o" "../src/_SDLTest.cpp"
Finished building: ../src/_SDLTest.cpp
 
Building target: SDL2-RPG
Invoking: MacOS X C++ Linker
g++ -L/opt/local/lib/ -o "SDL2-RPG"  ./src/Particle.o ./src/Screen.o ./src/Swarm.o ./src/_SDLTest.o   -lSDL2
Finished building target: SDL2-RPG
 
21:27:42 **** Incremental Build of configuration Debug for project SDL2-RPG ****
make all 
make: Nothing to be done for `all'.
21:28:34 **** Clean-only build of configuration Debug for project SDL2-RPG ****
make clean 
rm -rf  ./src/Globals.o ./src/Main.o ./src/Map.o ./src/Player.o ./src/Tileset.o ./src/Wall.o  ./src/Globals.d ./src/Main.d ./src/Map.d ./src/Player.d ./src/Tileset.d ./src/Wall.d  _SDL-Project1
 
21:28:34 **** Incremental Build of configuration Debug for project SDL2-RPG ****
make all 
Building file: ../src/Globals.cpp
Invoking: GCC C++ Compiler
g++ -I/opt/local/include/SDL2 -O0 -g3 -Wall -c -fmessage-length=0 -MMD -MP -MF"src/Globals.d" -MT"src/Globals.d" -o "src/Globals.o" "../src/Globals.cpp"
Finished building: ../src/Globals.cpp
 
Building file: ../src/Main.cpp
Invoking: GCC C++ Compiler
g++ -I/opt/local/include/SDL2 -O0 -g3 -Wall -c -fmessage-length=0 -MMD -MP -MF"src/Main.d" -MT"src/Main.d" -o "src/Main.o" "../src/Main.cpp"
Finished building: ../src/Main.cpp
 
Building file: ../src/Map.cpp
Invoking: GCC C++ Compiler
g++ -I/opt/local/include/SDL2 -O0 -g3 -Wall -c -fmessage-length=0 -MMD -MP -MF"src/Map.d" -MT"src/Map.d" -o "src/Map.o" "../src/Map.cpp"
Finished building: ../src/Map.cpp
 
Building file: ../src/Player.cpp
Invoking: GCC C++ Compiler
g++ -I/opt/local/include/SDL2 -O0 -g3 -Wall -c -fmessage-length=0 -MMD -MP -MF"src/Player.d" -MT"src/Player.d" -o "src/Player.o" "../src/Player.cpp"
Finished building: ../src/Player.cpp
 
Building file: ../src/Tileset.cpp
Invoking: GCC C++ Compiler
g++ -I/opt/local/include/SDL2 -O0 -g3 -Wall -c -fmessage-length=0 -MMD -MP -MF"src/Tileset.d" -MT"src/Tileset.d" -o "src/Tileset.o" "../src/Tileset.cpp"
Finished building: ../src/Tileset.cpp
 
Building file: ../src/Wall.cpp
Invoking: GCC C++ Compiler
g++ -I/opt/local/include/SDL2 -O0 -g3 -Wall -c -fmessage-length=0 -MMD -MP -MF"src/Wall.d" -MT"src/Wall.d" -o "src/Wall.o" "../src/Wall.cpp"
Finished building: ../src/Wall.cpp
 
Building target: SDL2-RPG
Invoking: MacOS X C++ Linker
g++ -L/opt/local/lib/ -o "SDL2-RPG"  ./src/Globals.o ./src/Main.o ./src/Map.o ./src/Player.o ./src/Tileset.o ./src/Wall.o   -lSDL2 -lSDL2_image -lSDL2_ttf
Finished building target: SDL2-RPG
 
21:29:24 **** Clean-only build of configuration Debug for project SDL2-RPG ****
make clean 
rm -rf  ./src/Globals.o ./src/Main.o ./src/Map.o ./src/Player.o ./src/Tileset.o ./src/Wall.o  ./src/Globals.d ./src/Main.d ./src/Map.d ./src/Player.d ./src/Tileset.d ./src/Wall.d  SDL2-RPG
 
21:29:26 **** Build of configuration Debug for project SDL2-RPG ****
make all 
Building file: ../src/Globals.cpp
Invoking: GCC C++ Compiler
g++ -I/opt/local/include/SDL2 -O0 -g3 -Wall -c -fmessage-length=0 -MMD -MP -MF"src/Globals.d" -MT"src/Globals.d" -o "src/Globals.o" "../src/Globals.cpp"
Finished building: ../src/Globals.cpp
 
Building file: ../src/Main.cpp
Invoking: GCC C++ Compiler
g++ -I/opt/local/include/SDL2 -O0 -g3 -Wall -c -fmessage-length=0 -MMD -MP -MF"src/Main.d" -MT"src/Main.d" -o "src/Main.o" "../src/Main.cpp"
Finished building: ../src/Main.cpp
 
Building file: ../src/Map.cpp
Invoking: GCC C++ Compiler
g++ -I/opt/local/include/SDL2 -O0 -g3 -Wall -c -fmessage-length=0 -MMD -MP -MF"src/Map.d" -MT"src/Map.d" -o "src/Map.o" "../src/Map.cpp"
Finished building: ../src/Map.cpp
 
Building file: ../src/Player.cpp
Invoking: GCC C++ Compiler
g++ -I/opt/local/include/SDL2 -O0 -g3 -Wall -c -fmessage-length=0 -MMD -MP -MF"src/Player.d" -MT"src/Player.d" -o "src/Player.o" "../src/Player.cpp"
Finished building: ../src/Player.cpp
 
Building file: ../src/Tileset.cpp
Invoking: GCC C++ Compiler
g++ -I/opt/local/include/SDL2 -O0 -g3 -Wall -c -fmessage-length=0 -MMD -MP -MF"src/Tileset.d" -MT"src/Tileset.d" -o "src/Tileset.o" "../src/Tileset.cpp"
Finished building: ../src/Tileset.cpp
 
Building file: ../src/Wall.cpp
Invoking: GCC C++ Compiler
g++ -I/opt/local/include/SDL2 -O0 -g3 -Wall -c -fmessage-length=0 -MMD -MP -MF"src/Wall.d" -MT"src/Wall.d" -o "src/Wall.o" "../src/Wall.cpp"
Finished building: ../src/Wall.cpp
 
Building target: SDL2-RPG
Invoking: MacOS X C++ Linker
g++ -L/opt/local/lib/ -o "SDL2-RPG"  ./src/Globals.o ./src/Main.o ./src/Map.o ./src/Player.o ./src/Tileset.o ./src/Wall.o   -lSDL2 -lSDL2_image -lSDL2_ttf
Finished building target: SDL2-RPG
 
